Determining if the pthread_create exist failed with the following output:
Change Dir: /home/bo/EX_Estimator/camera_models/build/CMakeFiles/CMakeTmp

Run Build Command:"/usr/bin/make" "cmTC_1702e/fast"
/usr/bin/make -f CMakeFiles/cmTC_1702e.dir/build.make CMakeFiles/cmTC_1702e.dir/build
make[1]: Entering directory '/home/bo/EX_Estimator/camera_models/build/CMakeFiles/CMakeTmp'
Building C object CMakeFiles/cmTC_1702e.dir/CheckSymbolExists.c.o
/usr/bin/cc     -o CMakeFiles/cmTC_1702e.dir/CheckSymbolExists.c.o   -c /home/bo/EX_Estimator/camera_models/build/CMakeFiles/CMakeTmp/CheckSymbolExists.c
Linking C executable cmTC_1702e
/usr/bin/cmake -E cmake_link_script CMakeFiles/cmTC_1702e.dir/link.txt --verbose=1
/usr/bin/cc       CMakeFiles/cmTC_1702e.dir/CheckSymbolExists.c.o  -o cmTC_1702e -rdynamic 
CMakeFiles/cmTC_1702e.dir/CheckSymbolExists.c.o: In function `main':
CheckSymbolExists.c:(.text+0x16): undefined reference to `pthread_create'
collect2: error: ld returned 1 exit status
CMakeFiles/cmTC_1702e.dir/build.make:97: recipe for target 'cmTC_1702e' failed
make[1]: *** [cmTC_1702e] Error 1
make[1]: Leaving directory '/home/bo/EX_Estimator/camera_models/build/CMakeFiles/CMakeTmp'
Makefile:126: recipe for target 'cmTC_1702e/fast' failed
make: *** [cmTC_1702e/fast] Error 2

File /home/bo/EX_Estimator/camera_models/build/CMakeFiles/CMakeTmp/CheckSymbolExists.c:
/* */
#include <pthread.h>

int main(int argc, char** argv)
{
  (void)argv;
#ifndef pthread_create
  return ((int*)(&pthread_create))[argc];
#else
  (void)argc;
  return 0;
#endif
}

Determining if the function pthread_create exists in the pthreads failed with the following output:
Change Dir: /home/bo/EX_Estimator/camera_models/build/CMakeFiles/CMakeTmp

Run Build Command:"/usr/bin/make" "cmTC_db253/fast"
/usr/bin/make -f CMakeFiles/cmTC_db253.dir/build.make CMakeFiles/cmTC_db253.dir/build
make[1]: Entering directory '/home/bo/EX_Estimator/camera_models/build/CMakeFiles/CMakeTmp'
Building C object CMakeFiles/cmTC_db253.dir/CheckFunctionExists.c.o
/usr/bin/cc    -DCHECK_FUNCTION_EXISTS=pthread_create   -o CMakeFiles/cmTC_db253.dir/CheckFunctionExists.c.o   -c /usr/share/cmake-3.5/Modules/CheckFunctionExists.c
Linking C executable cmTC_db253
/usr/bin/cmake -E cmake_link_script CMakeFiles/cmTC_db253.dir/link.txt --verbose=1
/usr/bin/cc   -DCHECK_FUNCTION_EXISTS=pthread_create    CMakeFiles/cmTC_db253.dir/CheckFunctionExists.c.o  -o cmTC_db253 -rdynamic -lpthreads 
/usr/bin/ld: cannot find -lpthreads
collect2: error: ld returned 1 exit status
CMakeFiles/cmTC_db253.dir/build.make:97: recipe for target 'cmTC_db253' failed
make[1]: *** [cmTC_db253] Error 1
make[1]: Leaving directory '/home/bo/EX_Estimator/camera_models/build/CMakeFiles/CMakeTmp'
Makefile:126: recipe for target 'cmTC_db253/fast' failed
make: *** [cmTC_db253/fast] Error 2


